  ECController.cpp
C:\Users\varsh\Fall2023\CSE 3150\John\CSE 3150\Proj2-part0-starter-code\ECController.h(7,10): fatal  error C1083: Cannot open include file: 'SimpleObserver.h': No such file or directory
  ECObserver.cpp
C:\Users\varsh\Fall2023\CSE 3150\John\CSE 3150\Proj2-part0-starter-code\ECObserver.cpp(5,1): error C2653: 'ECKeyboardObserver': is not a class or namespace name
C:\Users\varsh\Fall2023\CSE 3150\John\CSE 3150\Proj2-part0-starter-code\ECObserver.cpp(5,69): error C2061: syntax error: identifier 'ECController'
C:\Users\varsh\Fall2023\CSE 3150\John\CSE 3150\Proj2-part0-starter-code\ECObserver.cpp(5,89): error C4430: missing type specifier - int assumed. Note: C++ does not support default-int
C:\Users\varsh\Fall2023\CSE 3150\John\CSE 3150\Proj2-part0-starter-code\ECObserver.cpp(5,116): error C2065: 'ctrl': undeclared identifier
C:\Users\varsh\Fall2023\CSE 3150\John\CSE 3150\Proj2-part0-starter-code\ECObserver.cpp(6,1): error C2550: 'ECKeyboardObserver': constructor initializer lists are only allowed on constructor definitions
C:\Users\varsh\Fall2023\CSE 3150\John\CSE 3150\Proj2-part0-starter-code\ECObserver.cpp(7,1): warning C4508: 'ECKeyboardObserver': function should return a value; 'void' return type assumed
C:\Users\varsh\Fall2023\CSE 3150\John\CSE 3150\Proj2-part0-starter-code\ECObserver.cpp(9,6): error C2653: 'ECKeyboardObserver': is not a class or namespace name
C:\Users\varsh\Fall2023\CSE 3150\John\CSE 3150\Proj2-part0-starter-code\ECObserver.cpp(11,25): error C2065: 'view': undeclared identifier
C:\Users\varsh\Fall2023\CSE 3150\John\CSE 3150\Proj2-part0-starter-code\ECObserver.cpp(14,9): error C2065: 'controller': undeclared identifier
C:\Users\varsh\Fall2023\CSE 3150\John\CSE 3150\Proj2-part0-starter-code\ECObserver.cpp(15,9): error C2065: 'controller': undeclared identifier
C:\Users\varsh\Fall2023\CSE 3150\John\CSE 3150\Proj2-part0-starter-code\ECObserver.cpp(16,9): error C2065: 'view': undeclared identifier
C:\Users\varsh\Fall2023\CSE 3150\John\CSE 3150\Proj2-part0-starter-code\ECObserver.cpp(18,36): error C2065: 'controller': undeclared identifier
C:\Users\varsh\Fall2023\CSE 3150\John\CSE 3150\Proj2-part0-starter-code\ECObserver.cpp(18,65): error C2065: 'controller': undeclared identifier
C:\Users\varsh\Fall2023\CSE 3150\John\CSE 3150\Proj2-part0-starter-code\ECObserver.cpp(19,9): error C2065: 'controller': undeclared identifier
C:\Users\varsh\Fall2023\CSE 3150\John\CSE 3150\Proj2-part0-starter-code\ECObserver.cpp(23,9): error C2065: 'controller': undeclared identifier
C:\Users\varsh\Fall2023\CSE 3150\John\CSE 3150\Proj2-part0-starter-code\ECObserver.cpp(26,37): error C2065: 'controller': undeclared identifier
C:\Users\varsh\Fall2023\CSE 3150\John\CSE 3150\Proj2-part0-starter-code\ECObserver.cpp(27,9): error C2065: 'controller': undeclared identifier
C:\Users\varsh\Fall2023\CSE 3150\John\CSE 3150\Proj2-part0-starter-code\ECObserver.cpp(30,38): error C2065: 'controller': undeclared identifier
C:\Users\varsh\Fall2023\CSE 3150\John\CSE 3150\Proj2-part0-starter-code\ECObserver.cpp(31,9): error C2065: 'controller': undeclared identifier
C:\Users\varsh\Fall2023\CSE 3150\John\CSE 3150\Proj2-part0-starter-code\ECObserver.cpp(34,40): error C2065: 'controller': undeclared identifier
C:\Users\varsh\Fall2023\CSE 3150\John\CSE 3150\Proj2-part0-starter-code\ECObserver.cpp(35,9): error C2065: 'controller': undeclared identifier
C:\Users\varsh\Fall2023\CSE 3150\John\CSE 3150\Proj2-part0-starter-code\ECObserver.cpp(38,40): error C2065: 'controller': undeclared identifier
C:\Users\varsh\Fall2023\CSE 3150\John\CSE 3150\Proj2-part0-starter-code\ECObserver.cpp(39,9): error C2065: 'controller': undeclared identifier
C:\Users\varsh\Fall2023\CSE 3150\John\CSE 3150\Proj2-part0-starter-code\ECObserver.cpp(42,41): error C2065: 'controller': undeclared identifier
C:\Users\varsh\Fall2023\CSE 3150\John\CSE 3150\Proj2-part0-starter-code\ECObserver.cpp(43,9): error C2065: 'controller': undeclared identifier
C:\Users\varsh\Fall2023\CSE 3150\John\CSE 3150\Proj2-part0-starter-code\ECObserver.cpp(46,43): error C2065: 'controller': undeclared identifier
C:\Users\varsh\Fall2023\CSE 3150\John\CSE 3150\Proj2-part0-starter-code\ECObserver.cpp(49,9): error C2065: 'view': undeclared identifier
C:\Users\varsh\Fall2023\CSE 3150\John\CSE 3150\Proj2-part0-starter-code\ECObserver.cpp(51,9): error C2065: 'controller': undeclared identifier
C:\Users\varsh\Fall2023\CSE 3150\John\CSE 3150\Proj2-part0-starter-code\ECObserver.cpp(56,9): error C2065: 'view': undeclared identifier
C:\Users\varsh\Fall2023\CSE 3150\John\CSE 3150\Proj2-part0-starter-code\ECObserver.cpp(60,1): error C2653: 'ECMouseObserver': is not a class or namespace name
C:\Users\varsh\Fall2023\CSE 3150\John\CSE 3150\Proj2-part0-starter-code\ECObserver.cpp(60,63): error C2061: syntax error: identifier 'ECController'
C:\Users\varsh\Fall2023\CSE 3150\John\CSE 3150\Proj2-part0-starter-code\ECObserver.cpp(60,84): error C4430: missing type specifier - int assumed. Note: C++ does not support default-int
C:\Users\varsh\Fall2023\CSE 3150\John\CSE 3150\Proj2-part0-starter-code\ECObserver.cpp(60,111): error C2065: 'ctrl': undeclared identifier
C:\Users\varsh\Fall2023\CSE 3150\John\CSE 3150\Proj2-part0-starter-code\ECObserver.cpp(61,1): error C2550: 'ECMouseObserver': constructor initializer lists are only allowed on constructor definitions
C:\Users\varsh\Fall2023\CSE 3150\John\CSE 3150\Proj2-part0-starter-code\ECObserver.cpp(62,1): warning C4508: 'ECMouseObserver': function should return a value; 'void' return type assumed
C:\Users\varsh\Fall2023\CSE 3150\John\CSE 3150\Proj2-part0-starter-code\ECObserver.cpp(64,6): error C2653: 'ECMouseObserver': is not a class or namespace name
C:\Users\varsh\Fall2023\CSE 3150\John\CSE 3150\Proj2-part0-starter-code\ECObserver.cpp(64,25): error C2084: function 'void Update(void)' already has a body
C:\Users\varsh\Fall2023\CSE 3150\John\CSE 3150\Proj2-part0-starter-code\ECObserver.cpp(9,28): message : see previous definition of 'Update'
C:\Users\varsh\Fall2023\CSE 3150\John\CSE 3150\Proj2-part0-starter-code\ECObserver.cpp(66,25): error C2065: 'view': undeclared identifier
C:\Users\varsh\Fall2023\CSE 3150\John\CSE 3150\Proj2-part0-starter-code\ECObserver.cpp(67,45): error C2065: 'controller': undeclared identifier
C:\Users\varsh\Fall2023\CSE 3150\John\CSE 3150\Proj2-part0-starter-code\ECObserver.cpp(71,9): error C2065: 'view': undeclared identifier
C:\Users\varsh\Fall2023\CSE 3150\John\CSE 3150\Proj2-part0-starter-code\ECObserver.cpp(72,9): error C2065: 'controller': undeclared identifier
C:\Users\varsh\Fall2023\CSE 3150\John\CSE 3150\Proj2-part0-starter-code\ECObserver.cpp(75,45): error C2065: 'controller': undeclared identifier
C:\Users\varsh\Fall2023\CSE 3150\John\CSE 3150\Proj2-part0-starter-code\ECObserver.cpp(75,74): error C2065: 'controller': undeclared identifier
C:\Users\varsh\Fall2023\CSE 3150\John\CSE 3150\Proj2-part0-starter-code\ECObserver.cpp(79,9): error C2065: 'view': undeclared identifier
C:\Users\varsh\Fall2023\CSE 3150\John\CSE 3150\Proj2-part0-starter-code\ECObserver.cpp(80,9): error C2065: 'controller': undeclared identifier
C:\Users\varsh\Fall2023\CSE 3150\John\CSE 3150\Proj2-part0-starter-code\ECObserver.cpp(82,45): error C2065: 'controller': undeclared identifier
C:\Users\varsh\Fall2023\CSE 3150\John\CSE 3150\Proj2-part0-starter-code\ECObserver.cpp(82,74): error C2065: 'controller': undeclared identifier
C:\Users\varsh\Fall2023\CSE 3150\John\CSE 3150\Proj2-part0-starter-code\ECObserver.cpp(86,9): error C2065: 'view': undeclared identifier
C:\Users\varsh\Fall2023\CSE 3150\John\CSE 3150\Proj2-part0-starter-code\ECObserver.cpp(87,9): error C2065: 'controller': undeclared identifier
C:\Users\varsh\Fall2023\CSE 3150\John\CSE 3150\Proj2-part0-starter-code\ECObserver.cpp(90,43): error C2065: 'controller': undeclared identifier
C:\Users\varsh\Fall2023\CSE 3150\John\CSE 3150\Proj2-part0-starter-code\ECObserver.cpp(90,72): error C2065: 'controller': undeclared identifier
C:\Users\varsh\Fall2023\CSE 3150\John\CSE 3150\Proj2-part0-starter-code\ECObserver.cpp(94,9): error C2065: 'view': undeclared identifier
C:\Users\varsh\Fall2023\CSE 3150\John\CSE 3150\Proj2-part0-starter-code\ECObserver.cpp(95,9): error C2065: 'controller': undeclared identifier
C:\Users\varsh\Fall2023\CSE 3150\John\CSE 3150\Proj2-part0-starter-code\ECObserver.cpp(96,9): error C2065: 'controller': undeclared identifier
C:\Users\varsh\Fall2023\CSE 3150\John\CSE 3150\Proj2-part0-starter-code\ECObserver.cpp(99,43): error C2065: 'controller': undeclared identifier
C:\Users\varsh\Fall2023\CSE 3150\John\CSE 3150\Proj2-part0-starter-code\ECObserver.cpp(99,72): error C2065: 'controller': undeclared identifier
C:\Users\varsh\Fall2023\CSE 3150\John\CSE 3150\Proj2-part0-starter-code\ECObserver.cpp(102,9): error C2065: 'view': undeclared identifier
C:\Users\varsh\Fall2023\CSE 3150\John\CSE 3150\Proj2-part0-starter-code\ECObserver.cpp(103,9): error C2065: 'controller': undeclared identifier
C:\Users\varsh\Fall2023\CSE 3150\John\CSE 3150\Proj2-part0-starter-code\ECObserver.cpp(104,9): error C2065: 'controller': undeclared identifier
C:\Users\varsh\Fall2023\CSE 3150\John\CSE 3150\Proj2-part0-starter-code\ECObserver.cpp(107,43): error C2065: 'controller': undeclared identifier
C:\Users\varsh\Fall2023\CSE 3150\John\CSE 3150\Proj2-part0-starter-code\ECObserver.cpp(110,9): error C2065: 'view': undeclared identifier
C:\Users\varsh\Fall2023\CSE 3150\John\CSE 3150\Proj2-part0-starter-code\ECObserver.cpp(111,9): error C2065: 'controller': undeclared identifier
C:\Users\varsh\Fall2023\CSE 3150\John\CSE 3150\Proj2-part0-starter-code\ECObserver.cpp(112,9): error C2065: 'controller': undeclared identifier
C:\Users\varsh\Fall2023\CSE 3150\John\CSE 3150\Proj2-part0-starter-code\ECObserver.cpp(113,9): error C2065: 'controller': undeclared identifier
C:\Users\varsh\Fall2023\CSE 3150\John\CSE 3150\Proj2-part0-starter-code\ECObserver.cpp(118,9): error C2065: 'controller': undeclared identifier
C:\Users\varsh\Fall2023\CSE 3150\John\CSE 3150\Proj2-part0-starter-code\ECObserver.cpp(119,9): error C2065: 'controller': undeclared identifier
C:\Users\varsh\Fall2023\CSE 3150\John\CSE 3150\Proj2-part0-starter-code\ECObserver.cpp(120,9): error C2065: 'view': undeclared identifier
  test-gv.cpp
C:\Users\varsh\Fall2023\CSE 3150\John\CSE 3150\Proj2-part0-starter-code\ECController.h(7,10): fatal  error C1083: Cannot open include file: 'SimpleObserver.h': No such file or directory
  Generating Code...
